 
****************************************
Report : power
        -analysis_effort low
Design : dlx
Version: O-2018.06-SP4
Date   : Wed Sep  9 19:03:34 2020
****************************************


Library(s) Used:

    CORE65LPHVT (File: /space/s274148/dc/WORK_SYNTHESIS/tech/STcmos65/CORE65LPHVT_nom_1.20V_25C.db)
    CORE65LPLVT (File: /space/s274148/dc/WORK_SYNTHESIS/tech/STcmos65/CORE65LPLVT_nom_1.20V_25C.db)


Operating Conditions: nom_1.20V_25C   Library: CORE65LPLVT
Wire Load Model Mode: enclosed

Design        Wire Load Model            Library
------------------------------------------------
dlx                    area_30Kto36K     CORE65LPLVT
SNPS_CLOCK_GATE_HIGH_dlx
                       area_0Kto1K       CORE65LPLVT
SNPS_CLOCK_GATE_LOW_dlx_0
                       area_0Kto1K       CORE65LPLVT
SNPS_CLOCK_GATE_LOW_dlx_2
                       area_0Kto1K       CORE65LPLVT
SNPS_CLOCK_GATE_LOW_dlx_3
                       area_0Kto1K       CORE65LPLVT
SNPS_CLOCK_GATE_LOW_dlx_4
                       area_0Kto1K       CORE65LPLVT
SNPS_CLOCK_GATE_LOW_dlx_5
                       area_0Kto1K       CORE65LPLVT
SNPS_CLOCK_GATE_LOW_dlx_6
                       area_0Kto1K       CORE65LPLVT
SNPS_CLOCK_GATE_LOW_dlx_7
                       area_0Kto1K       CORE65LPLVT
SNPS_CLOCK_GATE_LOW_dlx_8
                       area_0Kto1K       CORE65LPLVT
SNPS_CLOCK_GATE_LOW_dlx_9
                       area_0Kto1K       CORE65LPLVT
SNPS_CLOCK_GATE_LOW_dlx_10
                       area_0Kto1K       CORE65LPLVT
SNPS_CLOCK_GATE_LOW_dlx_11
                       area_0Kto1K       CORE65LPLVT
SNPS_CLOCK_GATE_LOW_dlx_12
                       area_0Kto1K       CORE65LPLVT
SNPS_CLOCK_GATE_LOW_dlx_13
                       area_0Kto1K       CORE65LPLVT
SNPS_CLOCK_GATE_LOW_dlx_14
                       area_0Kto1K       CORE65LPLVT
SNPS_CLOCK_GATE_LOW_dlx_15
                       area_0Kto1K       CORE65LPLVT
SNPS_CLOCK_GATE_LOW_dlx_16
                       area_0Kto1K       CORE65LPLVT
SNPS_CLOCK_GATE_LOW_dlx_17
                       area_0Kto1K       CORE65LPLVT
SNPS_CLOCK_GATE_LOW_dlx_18
                       area_0Kto1K       CORE65LPLVT
SNPS_CLOCK_GATE_LOW_dlx_19
                       area_0Kto1K       CORE65LPLVT
SNPS_CLOCK_GATE_LOW_dlx_20
                       area_0Kto1K       CORE65LPLVT
SNPS_CLOCK_GATE_LOW_dlx_21
                       area_0Kto1K       CORE65LPLVT
SNPS_CLOCK_GATE_LOW_dlx_22
                       area_0Kto1K       CORE65LPLVT
SNPS_CLOCK_GATE_LOW_dlx_23
                       area_0Kto1K       CORE65LPLVT
SNPS_CLOCK_GATE_LOW_dlx_24
                       area_0Kto1K       CORE65LPLVT
SNPS_CLOCK_GATE_LOW_dlx_25
                       area_0Kto1K       CORE65LPLVT
SNPS_CLOCK_GATE_LOW_dlx_26
                       area_0Kto1K       CORE65LPLVT
SNPS_CLOCK_GATE_LOW_dlx_27
                       area_0Kto1K       CORE65LPLVT
SNPS_CLOCK_GATE_LOW_dlx_28
                       area_0Kto1K       CORE65LPLVT
SNPS_CLOCK_GATE_LOW_dlx_29
                       area_0Kto1K       CORE65LPLVT
SNPS_CLOCK_GATE_LOW_dlx_30
                       area_0Kto1K       CORE65LPLVT
SNPS_CLOCK_GATE_LOW_dlx_31
                       area_0Kto1K       CORE65LPLVT


Global Operating Voltage = 1.2  
Power-specific unit information :
    Voltage Units = 1V
    Capacitance Units = 1.000000pf
    Time Units = 1ns
    Dynamic Power Units = 1mW    (derived from V,C,T units)
    Leakage Power Units = 1mW


  Cell Internal Power  =   5.1563 mW   (76%)
  Net Switching Power  =   1.5879 mW   (24%)
                         ---------
Total Dynamic Power    =   6.7442 mW  (100%)

Cell Leakage Power     =   1.4821 uW


                 Internal         Switching           Leakage            Total
Power Group      Power            Power               Power              Power   (   %    )  Attrs
--------------------------------------------------------------------------------------------------
io_pad             0.0000            0.0000            0.0000            0.0000  (   0.00%)
memory             0.0000            0.0000            0.0000            0.0000  (   0.00%)
black_box          0.0000            0.0000            0.0000            0.0000  (   0.00%)
clock_network      0.1272            0.8976        1.1330e-06            1.0248  (  15.19%)
register           4.6665        7.1544e-02        2.6439e-04            4.7383  (  70.24%)
sequential     1.5939e-02        5.9238e-03        1.3497e-06        2.1864e-02  (   0.32%)
combinational      0.3466            0.6129        1.2152e-03            0.9607  (  14.24%)
--------------------------------------------------------------------------------------------------
Total              5.1563 mW         1.5879 mW     1.4821e-03 mW         6.7457 mW
1
